C:\USERS\THEPESHO\DOCUMENTS\VISUAL STUDIO 2012\PROJECTS\VERSIONTWO\VERSIONTWO\DEBUG\CAPP.OBJ
C:\USERS\THEPESHO\DOCUMENTS\VISUAL STUDIO 2012\PROJECTS\VERSIONTWO\VERSIONTWO\DEBUG\VC110.PDB
C:\USERS\THEPESHO\DOCUMENTS\VISUAL STUDIO 2012\PROJECTS\VERSIONTWO\DEBUG\VERSIONTWO.ILK
C:\USERS\THEPESHO\DOCUMENTS\VISUAL STUDIO 2012\PROJECTS\VERSIONTWO\DEBUG\VERSIONTWO.EXE
C:\USERS\THEPESHO\DOCUMENTS\VISUAL STUDIO 2012\PROJECTS\VERSIONTWO\DEBUG\VERSIONTWO.PDB
c:\Users\ThePesho\documents\visual studio 2012\Projects\VersionTwo\VersionTwo\Debug\CApp.obj
c:\Users\ThePesho\documents\visual studio 2012\Projects\VersionTwo\VersionTwo\Debug\cl.command.1.tlog
c:\Users\ThePesho\documents\visual studio 2012\Projects\VersionTwo\VersionTwo\Debug\CL.read.1.tlog
c:\Users\ThePesho\documents\visual studio 2012\Projects\VersionTwo\VersionTwo\Debug\CL.write.1.tlog
c:\Users\ThePesho\documents\visual studio 2012\Projects\VersionTwo\VersionTwo\Debug\link-cvtres.read.1.tlog
c:\Users\ThePesho\documents\visual studio 2012\Projects\VersionTwo\VersionTwo\Debug\link-cvtres.write.1.tlog
c:\Users\ThePesho\documents\visual studio 2012\Projects\VersionTwo\VersionTwo\Debug\link-rc.read.1.tlog
c:\Users\ThePesho\documents\visual studio 2012\Projects\VersionTwo\VersionTwo\Debug\link-rc.write.1.tlog
c:\Users\ThePesho\documents\visual studio 2012\Projects\VersionTwo\VersionTwo\Debug\link.command.1.tlog
c:\Users\ThePesho\documents\visual studio 2012\Projects\VersionTwo\VersionTwo\Debug\link.read.1.tlog
c:\Users\ThePesho\documents\visual studio 2012\Projects\VersionTwo\VersionTwo\Debug\link.write.1.tlog
c:\Users\ThePesho\documents\visual studio 2012\Projects\VersionTwo\VersionTwo\Debug\vc110.idb
c:\Users\ThePesho\documents\visual studio 2012\Projects\VersionTwo\VersionTwo\Debug\vc110.pdb
c:\users\thepesho\documents\visual studio 2012\Projects\VersionTwo\Debug\VersionTwo.pdb
c:\users\thepesho\documents\visual studio 2012\Projects\VersionTwo\Debug\VersionTwo.exe
c:\users\thepesho\documents\visual studio 2012\Projects\VersionTwo\Debug\VersionTwo.ilk
